c:\users\takum_000\desktop\programing\gametemplate\game\x64\debug\vc120.pdb
c:\users\takum_000\desktop\programing\gametemplate\game\x64\debug\vc120.idb
c:\users\takum_000\desktop\programing\gametemplate\game\x64\debug\game.obj
c:\users\takum_000\desktop\programing\gametemplate\game\x64\debug\animation.obj
c:\users\takum_000\desktop\programing\gametemplate\game\x64\debug\camera.obj
c:\users\takum_000\desktop\programing\gametemplate\game\x64\debug\effectmanager.obj
c:\users\takum_000\desktop\programing\gametemplate\game\x64\debug\skinmodel.obj
c:\users\takum_000\desktop\programing\gametemplate\game\x64\debug\skinmodeldata.obj
c:\users\takum_000\desktop\programing\gametemplate\game\x64\debug\system.obj
c:\users\takum_000\desktop\programing\gametemplate\game\x64\debug\main.obj
c:\users\takum_000\desktop\programing\gametemplate\game\x64\debug\player.obj
c:\users\takum_000\desktop\programing\gametemplate\game\x64\debug\stdafx.obj
c:\users\takum_000\desktop\programing\gametemplate\game\x64\debug\enemy.obj
c:\users\takum_000\desktop\gametemplate\game\x64\debug\vc120.pdb
c:\users\takum_000\desktop\gametemplate\game\x64\debug\vc120.idb
c:\users\takum_000\desktop\gametemplate\game\x64\debug\enemy.obj
c:\users\takum_000\desktop\gametemplate\game\x64\debug\game.obj
c:\users\takum_000\desktop\gametemplate\game\x64\debug\animation.obj
c:\users\takum_000\desktop\gametemplate\game\x64\debug\camera.obj
c:\users\takum_000\desktop\gametemplate\game\x64\debug\effectmanager.obj
c:\users\takum_000\desktop\gametemplate\game\x64\debug\skinmodel.obj
c:\users\takum_000\desktop\gametemplate\game\x64\debug\skinmodeldata.obj
c:\users\takum_000\desktop\gametemplate\game\x64\debug\system.obj
c:\users\takum_000\desktop\gametemplate\game\x64\debug\main.obj
c:\users\takum_000\desktop\gametemplate\game\x64\debug\player.obj
c:\users\takum_000\desktop\gametemplate\game\x64\debug\stdafx.obj
c:\users\takum_000\desktop\gametemplate\game\x64\debug\asiba.obj
c:\users\takum_000\desktop\gametemplate\game\x64\debug\skybox.obj
c:\users\takum_000\desktop\programing\gametemplate\x64\debug\game.ilk
c:\users\takum_000\desktop\programing\gametemplate\x64\debug\game.exe
c:\users\takum_000\desktop\programing\gametemplate\x64\debug\game.pdb
c:\users\takum_000\desktop\gametemplate\x64\debug\game.ilk
c:\users\takum_000\desktop\gametemplate\x64\debug\game.exe
c:\users\takum_000\desktop\gametemplate\x64\debug\game.pdb
c:\users\takum_000\desktop\gametemplate\game\x64\debug\game.tlog\cl.command.1.tlog
c:\users\takum_000\desktop\gametemplate\game\x64\debug\game.tlog\cl.read.1.tlog
c:\users\takum_000\desktop\gametemplate\game\x64\debug\game.tlog\cl.write.1.tlog
c:\users\takum_000\desktop\gametemplate\game\x64\debug\game.tlog\link.command.1.tlog
c:\users\takum_000\desktop\gametemplate\game\x64\debug\game.tlog\link.read.1.tlog
c:\users\takum_000\desktop\gametemplate\game\x64\debug\game.tlog\link.write.1.tlog
